TN:
SF:01-CalorieCounting/CalorieCounting.js
FN:4,testReading
FN:9,testGroupReading
FN:19,getHigher
FN:30,getThreeHighers
FN:43,sumGroupsToArray
FN:53,getHigherSum
FN:66,bestThreeSums
FNF:7
FNH:7
FNDA:1,testReading
FNDA:1,testGroupReading
FNDA:1,getHigher
FNDA:1,getThreeHighers
FNDA:3,sumGroupsToArray
FNDA:1,getHigherSum
FNDA:1,bestThreeSums
DA:1,1
DA:2,1
DA:3,1
DA:4,1
DA:5,1
DA:6,1
DA:7,1
DA:8,1
DA:9,1
DA:10,1
DA:11,1
DA:12,1
DA:13,1
DA:14,1
DA:15,1
DA:16,1
DA:17,1
DA:18,1
DA:19,1
DA:20,1
DA:21,1
DA:22,1
DA:23,1
DA:24,1
DA:25,1
DA:26,1
DA:27,1
DA:28,1
DA:29,1
DA:30,1
DA:31,1
DA:32,1
DA:33,1
DA:34,1
DA:35,1
DA:36,1
DA:37,1
DA:38,1
DA:39,1
DA:40,1
DA:41,1
DA:42,1
DA:43,3
DA:44,3
DA:45,3
DA:46,500
DA:47,500
DA:48,3
DA:49,3
DA:50,3
DA:51,3
DA:52,1
DA:53,1
DA:54,1
DA:55,1
DA:56,1
DA:57,249
DA:58,249
DA:59,249
DA:60,249
DA:61,1
DA:62,1
DA:63,1
DA:64,1
DA:65,1
DA:66,1
DA:67,1
DA:68,1
DA:69,1
DA:70,249
DA:71,249
DA:72,249
DA:73,747
DA:74,747
DA:75,747
DA:76,747
DA:77,249
DA:78,249
DA:79,1
DA:80,1
DA:81,1
DA:82,1
DA:83,1
DA:84,1
DA:85,1
DA:86,1
DA:87,1
DA:88,1
DA:89,1
LF:89
LH:89
BRF:0
BRH:0
end_of_record
